<?xml version="1.0" encoding="UTF-8"?>
<testsuite name="simple.flow.tests.SubscriberTests" tests="1" skipped="0" failures="0" errors="0" timestamp="2019-02-10T22:42:51" hostname="Jay-PC" time="0.181">
  <properties/>
  <testcase name="whenSubscribedTo_thenShouldConsumeAll" classname="simple.flow.tests.SubscriberTests" time="0.181"/>
  <system-out><![CDATA[Got: 1
Got: x
Got: 2
Got: x
Done!
]]></system-out>
  <system-err><![CDATA[]]></system-err>
</testsuite>
